<?xml version="1.0" encoding="UTF-8"?>
<!-- Generated by org.testng.reporters.JUnitXMLReporter -->
<testsuite ignored="0" hostname="MBA0224.local" failures="0" tests="6" name="Run on Chrome" time="37.506" errors="0" timestamp="14 Dec 2021 10:07:25 GMT">
  <testcase classname="com.nopcommerce.user.Page_Generator_Manager_Login" name="Login_01_Empty_Data" time="0.786"/>
  <testcase classname="com.nopcommerce.user.Page_Generator_Manager_Login" name="Login_02_Invalid_Email" time="1.788"/>
  <testcase classname="com.nopcommerce.user.Page_Generator_Manager_Login" name="Login_03_Email_Not_Exist" time="1.6"/>
  <testcase classname="com.nopcommerce.user.Page_Generator_Manager_Login" name="Login_04_Email_Exist_Null_Password" time="1.379"/>
  <testcase classname="com.nopcommerce.user.Page_Generator_Manager_Login" name="Login_05_Email_Exist_Incorrect_Password" time="2.217"/>
  <testcase classname="com.nopcommerce.user.Page_Generator_Manager_Login" name="Login_06_Correct_Email_Password" time="2.632"/>
</testsuite> <!-- Run on Chrome -->
