<?xml version="1.0" encoding="UTF-8"?>
<!-- Generated by org.testng.reporters.JUnitXMLReporter -->
<testsuite ignored="0" hostname="MBA0224.local" failures="0" tests="6" name="Run on Chrome" time="25.688" errors="0" timestamp="10 Dec 2021 13:10:44 GMT">
  <testcase classname="com.nopcommerce.user.Page_Object_Login_Multiple_Browser" name="Login_01_Empty_Data" time="1.483"/>
  <testcase classname="com.nopcommerce.user.Page_Object_Login_Multiple_Browser" name="Login_02_Invalid_Email" time="1.706"/>
  <testcase classname="com.nopcommerce.user.Page_Object_Login_Multiple_Browser" name="Login_03_Email_Not_Exist" time="2.096"/>
  <testcase classname="com.nopcommerce.user.Page_Object_Login_Multiple_Browser" name="Login_04_Email_Exist_Null_Password" time="2.213"/>
  <testcase classname="com.nopcommerce.user.Page_Object_Login_Multiple_Browser" name="Login_05_Email_Exist_Incorrect_Password" time="1.407"/>
  <testcase classname="com.nopcommerce.user.Page_Object_Login_Multiple_Browser" name="Login_06_Correct_Email_Password" time="2.737"/>
</testsuite> <!-- Run on Chrome -->
