<?xml version="1.0" encoding="UTF-8"?>
<!-- Generated by org.testng.reporters.JUnitXMLReporter -->
<testsuite ignored="0" hostname="MBA0224.local" failures="0" tests="6" name="Run on Firefox" time="25.869" errors="0" timestamp="10 Dec 2021 13:11:15 GMT">
  <testcase classname="com.nopcommerce.user.Page_Object_Login_Multiple_Browser" name="Login_01_Empty_Data" time="0.994"/>
  <testcase classname="com.nopcommerce.user.Page_Object_Login_Multiple_Browser" name="Login_02_Invalid_Email" time="1.739"/>
  <testcase classname="com.nopcommerce.user.Page_Object_Login_Multiple_Browser" name="Login_03_Email_Not_Exist" time="1.951"/>
  <testcase classname="com.nopcommerce.user.Page_Object_Login_Multiple_Browser" name="Login_04_Email_Exist_Null_Password" time="1.159"/>
  <testcase classname="com.nopcommerce.user.Page_Object_Login_Multiple_Browser" name="Login_05_Email_Exist_Incorrect_Password" time="2.012"/>
  <testcase classname="com.nopcommerce.user.Page_Object_Login_Multiple_Browser" name="Login_06_Correct_Email_Password" time="1.62"/>
</testsuite> <!-- Run on Firefox -->
