<?xml version="1.0" encoding="UTF-8"?>
<testng-results ignored="0" total="2" passed="2" failed="0" skipped="0">
  <reporter-output>
  </reporter-output>
  <suite started-at="2021-12-01T12:22:10Z" name="Nopcommerce" finished-at="2021-12-01T12:22:22Z" duration-ms="11386">
    <groups>
    </groups>
    <test started-at="2021-12-01T12:22:10Z" name="Run on Chrome" finished-at="2021-12-01T12:22:22Z" duration-ms="11386">
      <class name="com.nopcommerce.user.Page_Object">
        <test-method is-config="true" signature="beforeClass()[pri:0, instance:com.nopcommerce.user.Page_Object@7770f470]" started-at="2021-12-01T12:22:10Z" name="beforeClass" finished-at="2021-12-01T12:22:16Z" duration-ms="5188" status="PASS">
          <reporter-output>
          </reporter-output>
        </test-method> <!-- beforeClass -->
        <test-method signature="TC02_Register_Invalid_Email()[pri:0, instance:com.nopcommerce.user.Page_Object@7770f470]" started-at="2021-12-01T12:22:16Z" name="TC02_Register_Invalid_Email" finished-at="2021-12-01T12:22:18Z" duration-ms="2607" status="PASS">
          <reporter-output>
          </reporter-output>
        </test-method> <!-- TC02_Register_Invalid_Email -->
        <test-method signature="TC03_Register_Success()[pri:0, instance:com.nopcommerce.user.Page_Object@7770f470]" started-at="2021-12-01T12:22:18Z" name="TC03_Register_Success" finished-at="2021-12-01T12:22:22Z" duration-ms="3558" status="PASS">
          <reporter-output>
          </reporter-output>
        </test-method> <!-- TC03_Register_Success -->
        <test-method is-config="true" signature="afterClass()[pri:0, instance:com.nopcommerce.user.Page_Object@7770f470]" started-at="2021-12-01T12:22:22Z" name="afterClass" finished-at="2021-12-01T12:22:22Z" duration-ms="0" status="PASS">
          <reporter-output>
          </reporter-output>
        </test-method> <!-- afterClass -->
      </class> <!-- com.nopcommerce.user.Page_Object -->
    </test> <!-- Run on Chrome -->
  </suite> <!-- Nopcommerce -->
</testng-results>
